Arguments: 
  C:\Program Files\nodejs\node.exe C:\Users\pc-ri\AppData\Roaming\npm\node_modules\yarn\bin\yarn.js add use npm mongoose --save

PATH: 
  C:\Program Files (x86)\Common Files\Oracle\Java\javapath;C:\Perl\site\bin;C:\Perl\bin;C:\Windows\system32;C:\Windows;C:\Windows\System32\Wbem;C:\Windows\System32\WindowsPowerShell\v1.0\;C:\wamp\bin\php\php5.6.31;C:\composer;C:\Program Files\dotnet\;C:\Program Files\Git\cmd;C:\Program Files\nodejs\;C:\Program Files\Microsoft VS Code\bin;C:\Users\pc-ri\AppData\Local\Programs\Fiddler;C:\Users\pc-ri\AppData\Roaming\Composer\vendor\bin;C:\Users\pc-ri\AppData\Local\atom\bin;C:\cmder;C:\Users\pc-ri\AppData\Roaming\npm;C:\Users\pc-ri\AppData\Local\Programs\Microsoft VS Code\bin

Yarn version: 
  1.12.1

Node version: 
  11.12.0

Platform: 
  win32 x64

Trace: 
  Error: getaddrinfo ENOTFOUND registry.yarnpkg.com registry.yarnpkg.com:443
      at GetAddrInfoReqWrap.onlookup [as oncomplete] (dns.js:58:26)

npm manifest: 
  {
    "name": "tahinatp",
    "version": "1.0.0",
    "description": "explication nodejs tahina",
    "main": "index.js",
    "scripts": {
      "test": "echo \"Error: no test specified\" && exit 1"
    },
    "author": "",
    "license": "ISC",
    "dependencies": {
      "body-parser": "^1.19.0"
    }
  }

yarn manifest: 
  No manifest

Lockfile: 
  No lockfile
